<?xml version="1.0" encoding="UTF-8"?>
<!-- Generated by org.testng.reporters.JUnitReportReporter -->
<testsuite skipped="0" hostname="MacBook-Pro.local" name="testcases.TestCases" tests="1" failures="0" timestamp="24 Mar 2020 15:00:37 GMT" time="17.607" errors="0">
  <testcase name="test" time="17.607" classname="testcases.TestCases"/>
</testsuite> <!-- testcases.TestCases -->
